0 info it worked if it ends with ok
1 verbose cli [ 'C:\\Users\\YuGu\\nodejs\\node.exe',
1 verbose cli   'C:\\Users\\YuGu\\nodejs\\node_modules\\npm\\bin\\npm-cli.js',
1 verbose cli   'install' ]
2 info using npm@3.10.10
3 info using node@v6.10.0
4 silly loadCurrentTree Starting
5 silly install loadCurrentTree
6 silly install readLocalPackageData
7 silly install normalizeTree
8 silly loadCurrentTree Finishing
9 silly loadIdealTree Starting
10 silly install loadIdealTree
11 silly cloneCurrentTree Starting
12 silly install cloneCurrentTreeToIdealTree
13 silly cloneCurrentTree Finishing
14 silly loadShrinkwrap Starting
15 silly install loadShrinkwrap
16 silly loadShrinkwrap Finishing
17 silly loadAllDepsIntoIdealTree Starting
18 silly install loadAllDepsIntoIdealTree
19 silly fetchNamedPackageData bcrypt
20 silly mapToRegistry name bcrypt
21 silly mapToRegistry using default registry
22 silly mapToRegistry registry https://registry.npmjs.org/
23 silly mapToRegistry data Result {
23 silly mapToRegistry   raw: 'bcrypt',
23 silly mapToRegistry   scope: null,
23 silly mapToRegistry   escapedName: 'bcrypt',
23 silly mapToRegistry   name: 'bcrypt',
23 silly mapToRegistry   rawSpec: '',
23 silly mapToRegistry   spec: 'latest',
23 silly mapToRegistry   type: 'tag' }
24 silly mapToRegistry uri https://registry.npmjs.org/bcrypt
25 verbose request uri https://registry.npmjs.org/bcrypt
26 verbose request no auth needed
27 info attempt registry request try #1 at 22:43:10
28 verbose request id 5446111992a983c0
29 verbose etag W/"59177708-16f52"
30 verbose lastModified Sat, 13 May 2017 21:13:44 GMT
31 http request GET https://registry.npmjs.org/bcrypt
32 http 304 https://registry.npmjs.org/bcrypt
33 verbose headers { date: 'Sun, 14 May 2017 14:43:12 GMT',
33 verbose headers   via: '1.1 varnish',
33 verbose headers   'cache-control': 'max-age=300',
33 verbose headers   etag: 'W/"59177708-16f52"',
33 verbose headers   age: '268',
33 verbose headers   connection: 'keep-alive',
33 verbose headers   'x-served-by': 'cache-dfw1836-DFW',
33 verbose headers   'x-cache': 'HIT',
33 verbose headers   'x-cache-hits': '1',
33 verbose headers   'x-timer': 'S1494772992.256385,VS0,VE1',
33 verbose headers   vary: 'Accept-Encoding' }
34 silly get cb [ 304,
34 silly get   { date: 'Sun, 14 May 2017 14:43:12 GMT',
34 silly get     via: '1.1 varnish',
34 silly get     'cache-control': 'max-age=300',
34 silly get     etag: 'W/"59177708-16f52"',
34 silly get     age: '268',
34 silly get     connection: 'keep-alive',
34 silly get     'x-served-by': 'cache-dfw1836-DFW',
34 silly get     'x-cache': 'HIT',
34 silly get     'x-cache-hits': '1',
34 silly get     'x-timer': 'S1494772992.256385,VS0,VE1',
34 silly get     vary: 'Accept-Encoding' } ]
35 verbose etag https://registry.npmjs.org/bcrypt from cache
36 verbose get saving bcrypt to C:\Users\YuGu\AppData\Roaming\npm-cache\registry.npmjs.org\bcrypt\.cache.json
37 verbose correctMkdir C:\Users\YuGu\AppData\Roaming\npm-cache correctMkdir not in flight; initializing
38 silly resolveWithNewModule bcrypt@0.7.8 checking installable status
39 silly cache add args [ 'bcrypt@~0.7.8', null ]
40 verbose cache add spec bcrypt@~0.7.8
41 silly cache add parsed spec Result {
41 silly cache add   raw: 'bcrypt@~0.7.8',
41 silly cache add   scope: null,
41 silly cache add   escapedName: 'bcrypt',
41 silly cache add   name: 'bcrypt',
41 silly cache add   rawSpec: '~0.7.8',
41 silly cache add   spec: '>=0.7.8 <0.8.0',
41 silly cache add   type: 'range' }
42 silly addNamed bcrypt@>=0.7.8 <0.8.0
43 verbose addNamed ">=0.7.8 <0.8.0" is a valid semver range for bcrypt
44 silly addNameRange { name: 'bcrypt', range: '>=0.7.8 <0.8.0', hasData: false }
45 silly mapToRegistry name bcrypt
46 silly mapToRegistry using default registry
47 silly mapToRegistry registry https://registry.npmjs.org/
48 silly mapToRegistry data Result {
48 silly mapToRegistry   raw: 'bcrypt',
48 silly mapToRegistry   scope: null,
48 silly mapToRegistry   escapedName: 'bcrypt',
48 silly mapToRegistry   name: 'bcrypt',
48 silly mapToRegistry   rawSpec: '',
48 silly mapToRegistry   spec: 'latest',
48 silly mapToRegistry   type: 'tag' }
49 silly mapToRegistry uri https://registry.npmjs.org/bcrypt
50 verbose addNameRange registry:https://registry.npmjs.org/bcrypt not in flight; fetching
51 verbose get https://registry.npmjs.org/bcrypt not expired, no request
52 silly addNameRange number 2 { name: 'bcrypt', range: '>=0.7.8 <0.8.0', hasData: true }
53 silly addNameRange versions [ 'bcrypt',
53 silly addNameRange   [ '0.1.2',
53 silly addNameRange     '0.2.0',
53 silly addNameRange     '0.2.1',
53 silly addNameRange     '0.1.3',
53 silly addNameRange     '0.2.2',
53 silly addNameRange     '0.2.3',
53 silly addNameRange     '0.2.4',
53 silly addNameRange     '0.3.0',
53 silly addNameRange     '0.3.1',
53 silly addNameRange     '0.3.2',
53 silly addNameRange     '0.4.0',
53 silly addNameRange     '0.4.1',
53 silly addNameRange     '0.5.0',
53 silly addNameRange     '0.6.0',
53 silly addNameRange     '0.7.0',
53 silly addNameRange     '0.7.1',
53 silly addNameRange     '0.7.2',
53 silly addNameRange     '0.7.3',
53 silly addNameRange     '0.7.4',
53 silly addNameRange     '0.7.5',
53 silly addNameRange     '0.7.6',
53 silly addNameRange     '0.7.7',
53 silly addNameRange     '0.7.8',
53 silly addNameRange     '0.8.0',
53 silly addNameRange     '0.8.1',
53 silly addNameRange     '0.8.2',
53 silly addNameRange     '0.8.3',
53 silly addNameRange     '0.8.4',
53 silly addNameRange     '0.8.5',
53 silly addNameRange     '0.8.6',
53 silly addNameRange     '0.8.7',
53 silly addNameRange     '1.0.0',
53 silly addNameRange     '1.0.1',
53 silly addNameRange     '1.0.2' ] ]
54 silly addNamed bcrypt@0.7.8
55 verbose addNamed "0.7.8" is a plain semver version for bcrypt
56 silly cache afterAdd bcrypt@0.7.8
57 verbose afterAdd C:\Users\YuGu\AppData\Roaming\npm-cache\bcrypt\0.7.8\package\package.json not in flight; writing
58 verbose correctMkdir C:\Users\YuGu\AppData\Roaming\npm-cache correctMkdir not in flight; initializing
59 verbose afterAdd C:\Users\YuGu\AppData\Roaming\npm-cache\bcrypt\0.7.8\package\package.json written
60 silly fetchNamedPackageData bindings
61 silly mapToRegistry name bindings
62 silly mapToRegistry using default registry
63 silly mapToRegistry registry https://registry.npmjs.org/
64 silly mapToRegistry data Result {
64 silly mapToRegistry   raw: 'bindings',
64 silly mapToRegistry   scope: null,
64 silly mapToRegistry   escapedName: 'bindings',
64 silly mapToRegistry   name: 'bindings',
64 silly mapToRegistry   rawSpec: '',
64 silly mapToRegistry   spec: 'latest',
64 silly mapToRegistry   type: 'tag' }
65 silly mapToRegistry uri https://registry.npmjs.org/bindings
66 verbose request uri https://registry.npmjs.org/bindings
67 verbose request no auth needed
68 info attempt registry request try #1 at 22:43:12
69 verbose etag W/"580645d3-46f7"
70 verbose lastModified Tue, 18 Oct 2016 15:54:59 GMT
71 http request GET https://registry.npmjs.org/bindings
72 http 304 https://registry.npmjs.org/bindings
73 verbose headers { date: 'Sun, 14 May 2017 14:43:12 GMT',
73 verbose headers   via: '1.1 varnish',
73 verbose headers   'cache-control': 'max-age=300',
73 verbose headers   etag: 'W/"580645d3-46f7"',
73 verbose headers   age: '106',
73 verbose headers   connection: 'keep-alive',
73 verbose headers   'x-served-by': 'cache-dfw1836-DFW',
73 verbose headers   'x-cache': 'HIT',
73 verbose headers   'x-cache-hits': '1',
73 verbose headers   'x-timer': 'S1494772993.630656,VS0,VE1',
73 verbose headers   vary: 'Accept-Encoding' }
74 silly get cb [ 304,
74 silly get   { date: 'Sun, 14 May 2017 14:43:12 GMT',
74 silly get     via: '1.1 varnish',
74 silly get     'cache-control': 'max-age=300',
74 silly get     etag: 'W/"580645d3-46f7"',
74 silly get     age: '106',
74 silly get     connection: 'keep-alive',
74 silly get     'x-served-by': 'cache-dfw1836-DFW',
74 silly get     'x-cache': 'HIT',
74 silly get     'x-cache-hits': '1',
74 silly get     'x-timer': 'S1494772993.630656,VS0,VE1',
74 silly get     vary: 'Accept-Encoding' } ]
75 verbose etag https://registry.npmjs.org/bindings from cache
76 verbose get saving bindings to C:\Users\YuGu\AppData\Roaming\npm-cache\registry.npmjs.org\bindings\.cache.json
77 verbose correctMkdir C:\Users\YuGu\AppData\Roaming\npm-cache correctMkdir not in flight; initializing
78 silly resolveWithNewModule bindings@1.0.0 checking installable status
79 silly cache add args [ 'bindings@1.0.0', null ]
80 verbose cache add spec bindings@1.0.0
81 silly cache add parsed spec Result {
81 silly cache add   raw: 'bindings@1.0.0',
81 silly cache add   scope: null,
81 silly cache add   escapedName: 'bindings',
81 silly cache add   name: 'bindings',
81 silly cache add   rawSpec: '1.0.0',
81 silly cache add   spec: '1.0.0',
81 silly cache add   type: 'version' }
82 silly addNamed bindings@1.0.0
83 verbose addNamed "1.0.0" is a plain semver version for bindings
84 silly mapToRegistry name bindings
85 silly mapToRegistry using default registry
86 silly mapToRegistry registry https://registry.npmjs.org/
87 silly mapToRegistry data Result {
87 silly mapToRegistry   raw: 'bindings',
87 silly mapToRegistry   scope: null,
87 silly mapToRegistry   escapedName: 'bindings',
87 silly mapToRegistry   name: 'bindings',
87 silly mapToRegistry   rawSpec: '',
87 silly mapToRegistry   spec: 'latest',
87 silly mapToRegistry   type: 'tag' }
88 silly mapToRegistry uri https://registry.npmjs.org/bindings
89 verbose addNameVersion registry:https://registry.npmjs.org/bindings not in flight; fetching
90 verbose get https://registry.npmjs.org/bindings not expired, no request
91 silly cache afterAdd bindings@1.0.0
92 verbose afterAdd C:\Users\YuGu\AppData\Roaming\npm-cache\bindings\1.0.0\package\package.json not in flight; writing
93 verbose correctMkdir C:\Users\YuGu\AppData\Roaming\npm-cache correctMkdir not in flight; initializing
94 verbose afterAdd C:\Users\YuGu\AppData\Roaming\npm-cache\bindings\1.0.0\package\package.json written
95 silly loadAllDepsIntoIdealTree Finishing
96 silly loadIdealTree Finishing
97 silly currentTree myblog@1.0.0
97 silly currentTree +-- abbrev@1.1.0
97 silly currentTree +-- accepts@1.3.3
97 silly currentTree +-- acorn-globals@1.0.9
97 silly currentTree +-- acorn@2.7.0
97 silly currentTree +-- ajv@4.11.8
97 silly currentTree +-- align-text@0.1.4
97 silly currentTree +-- amdefine@1.0.1
97 silly currentTree +-- ansi-regex@2.1.1
97 silly currentTree +-- aproba@1.1.1
97 silly currentTree +-- are-we-there-yet@1.1.4
97 silly currentTree +-- argparse@1.0.9
97 silly currentTree +-- array-flatten@1.1.1
97 silly currentTree +-- asap@1.0.0
97 silly currentTree +-- asn1@0.2.3
97 silly currentTree +-- assert-plus@0.2.0
97 silly currentTree +-- async@0.2.10
97 silly currentTree +-- asynckit@0.4.0
97 silly currentTree +-- aws-sign2@0.6.0
97 silly currentTree +-- aws4@1.6.0
97 silly currentTree +-- balanced-match@0.4.2
97 silly currentTree +-- bcrypt-pbkdf@1.0.1
97 silly currentTree +-- block-stream@0.0.9
97 silly currentTree +-- bluebird@2.10.2
97 silly currentTree +-- body-parser@1.17.1
97 silly currentTree +-- boom@2.10.1
97 silly currentTree +-- bower@1.8.0
97 silly currentTree +-- brace-expansion@1.1.7
97 silly currentTree +-- bson@1.0.4
97 silly currentTree +-- buffer-shims@1.0.0
97 silly currentTree +-- bytes@2.4.0
97 silly currentTree +-- camelcase@1.2.1
97 silly currentTree +-- caseless@0.12.0
97 silly currentTree +-- center-align@0.1.3
97 silly currentTree +-- character-parser@1.2.1
97 silly currentTree +-- clean-css@3.4.25
97 silly currentTree | `-- commander@2.8.1
97 silly currentTree +-- cliui@2.1.0
97 silly currentTree | `-- wordwrap@0.0.2
97 silly currentTree +-- co@4.6.0
97 silly currentTree +-- code-point-at@1.1.0
97 silly currentTree +-- combined-stream@1.0.5
97 silly currentTree +-- commander@2.6.0
97 silly currentTree +-- concat-map@0.0.1
97 silly currentTree +-- connect-mongo@0.3.3
97 silly currentTree | +-- bson@0.1.8
97 silly currentTree | `-- mongodb@1.2.14
97 silly currentTree +-- console-control-strings@1.1.0
97 silly currentTree +-- constantinople@3.0.2
97 silly currentTree +-- content-disposition@0.5.2
97 silly currentTree +-- content-type@1.0.2
97 silly currentTree +-- cookie-signature@1.0.6
97 silly currentTree +-- cookie@0.3.1
97 silly currentTree +-- core-util-is@1.0.2
97 silly currentTree +-- cryptiles@2.0.5
97 silly currentTree +-- crypto@0.0.3
97 silly currentTree +-- css-parse@1.0.4
97 silly currentTree +-- css-stringify@1.0.5
97 silly currentTree +-- css@1.0.8
97 silly currentTree +-- dashdash@1.14.1
97 silly currentTree | `-- assert-plus@1.0.0
97 silly currentTree +-- debug@2.6.1
97 silly currentTree +-- decamelize@1.2.0
97 silly currentTree +-- delayed-stream@1.0.0
97 silly currentTree +-- delegates@1.0.0
97 silly currentTree +-- depd@1.1.0
97 silly currentTree +-- destroy@1.0.4
97 silly currentTree +-- ecc-jsbn@0.1.1
97 silly currentTree +-- ee-first@1.1.1
97 silly currentTree +-- encodeurl@1.0.1
97 silly currentTree +-- entities@1.1.1
97 silly currentTree +-- es6-promise@3.2.1
97 silly currentTree +-- escape-html@1.0.3
97 silly currentTree +-- etag@1.8.0
97 silly currentTree +-- express@4.15.2
97 silly currentTree | +-- buffer-crc32@0.2.1
97 silly currentTree | +-- commander@1.3.2
97 silly currentTree | +-- cookie-signature@1.0.6
97 silly currentTree | +-- cookie@0.3.1
97 silly currentTree | +-- debug@2.6.1
97 silly currentTree | +-- fresh@0.5.0
97 silly currentTree | +-- methods@1.1.2
97 silly currentTree | +-- mkdirp@0.3.5
97 silly currentTree | +-- range-parser@1.2.0
97 silly currentTree | `-- send@0.15.1
97 silly currentTree +-- extend@3.0.1
97 silly currentTree +-- extsprintf@1.0.2
97 silly currentTree +-- finalhandler@1.0.2
97 silly currentTree | +-- debug@2.6.4
97 silly currentTree | `-- ms@0.7.3
97 silly currentTree +-- forever-agent@0.6.1
97 silly currentTree +-- form-data@2.1.4
97 silly currentTree +-- forwarded@0.1.0
97 silly currentTree +-- fresh@0.5.0
97 silly currentTree +-- fs.realpath@1.0.0
97 silly currentTree +-- fstream@1.0.11
97 silly currentTree +-- gauge@2.7.4
97 silly currentTree +-- getpass@0.1.7
97 silly currentTree | `-- assert-plus@1.0.0
97 silly currentTree +-- glob@7.1.1
97 silly currentTree +-- graceful-fs@4.1.11
97 silly currentTree +-- graceful-readlink@1.0.1
97 silly currentTree +-- har-schema@1.0.5
97 silly currentTree +-- har-validator@4.2.1
97 silly currentTree +-- has-unicode@2.0.1
97 silly currentTree +-- hawk@3.1.3
97 silly currentTree +-- hoek@2.16.3
97 silly currentTree +-- hooks-fixed@2.0.0
97 silly currentTree +-- http-errors@1.6.1
97 silly currentTree +-- http-signature@1.1.1
97 silly currentTree +-- iconv-lite@0.4.15
97 silly currentTree +-- inflight@1.0.6
97 silly currentTree +-- inherits@2.0.3
97 silly currentTree +-- ipaddr.js@1.3.0
97 silly currentTree +-- is-buffer@1.1.5
97 silly currentTree +-- is-fullwidth-code-point@1.0.0
97 silly currentTree +-- is-promise@2.1.0
97 silly currentTree +-- is-typedarray@1.0.0
97 silly currentTree +-- isarray@1.0.0
97 silly currentTree +-- isexe@2.0.0
97 silly currentTree +-- isstream@0.1.2
97 silly currentTree +-- jade@1.11.0
97 silly currentTree +-- jodid25519@1.0.2
97 silly currentTree +-- jsbn@0.1.1
97 silly currentTree +-- json-schema@0.2.3
97 silly currentTree +-- json-stable-stringify@1.0.1
97 silly currentTree +-- json-stringify-safe@5.0.1
97 silly currentTree +-- jsonify@0.0.0
97 silly currentTree +-- jsprim@1.4.0
97 silly currentTree | `-- assert-plus@1.0.0
97 silly currentTree +-- jstransformer-markdown-it@2.0.0
97 silly currentTree +-- jstransformer-markdown@1.1.1
97 silly currentTree +-- jstransformer@0.0.2
97 silly currentTree +-- kareem@1.4.1
97 silly currentTree +-- kind-of@3.2.0
97 silly currentTree +-- lazy-cache@1.0.4
97 silly currentTree +-- linkify-it@2.0.3
97 silly currentTree +-- lodash@4.17.4
97 silly currentTree +-- longest@1.0.1
97 silly currentTree +-- markdown-it@8.3.1
97 silly currentTree +-- markdown@0.5.0
97 silly currentTree +-- mdurl@1.0.1
97 silly currentTree +-- media-typer@0.3.0
97 silly currentTree +-- merge-descriptors@1.0.1
97 silly currentTree +-- methods@1.1.2
97 silly currentTree +-- mime-db@1.27.0
97 silly currentTree +-- mime-types@2.1.15
97 silly currentTree +-- mime@1.3.4
97 silly currentTree +-- minimatch@3.0.4
97 silly currentTree +-- minimist@0.0.8
97 silly currentTree +-- mkdirp@0.5.1
97 silly currentTree +-- moment@2.18.1
97 silly currentTree +-- mongod@2.0.0
97 silly currentTree +-- mongodb-core@2.1.10
97 silly currentTree +-- mongodb@2.2.26
97 silly currentTree +-- mongoose@4.9.7
97 silly currentTree | `-- async@2.1.4
97 silly currentTree +-- mpath@0.2.1
97 silly currentTree +-- mpromise@0.5.5
97 silly currentTree +-- mquery@2.3.0
97 silly currentTree | +-- debug@2.2.0
97 silly currentTree | +-- ms@0.7.1
97 silly currentTree | `-- sliced@0.0.5
97 silly currentTree +-- ms@0.7.2
97 silly currentTree +-- muri@1.2.1
97 silly currentTree +-- negotiator@0.6.1
97 silly currentTree +-- node-gyp@3.6.1
97 silly currentTree +-- nopt@2.1.2
97 silly currentTree +-- npmlog@4.1.0
97 silly currentTree +-- number-is-nan@1.0.1
97 silly currentTree +-- oauth-sign@0.8.2
97 silly currentTree +-- object-assign@4.1.1
97 silly currentTree +-- on-finished@2.3.0
97 silly currentTree +-- once@1.4.0
97 silly currentTree +-- optimist@0.3.7
97 silly currentTree +-- os-homedir@1.0.2
97 silly currentTree +-- os-tmpdir@1.0.2
97 silly currentTree +-- osenv@0.1.4
97 silly currentTree +-- parseurl@1.3.1
97 silly currentTree +-- path-is-absolute@1.0.1
97 silly currentTree +-- path-to-regexp@0.1.7
97 silly currentTree +-- performance-now@0.2.0
97 silly currentTree +-- process-nextick-args@1.0.7
97 silly currentTree +-- promise-queue@2.2.3
97 silly currentTree +-- promise@6.1.0
97 silly currentTree +-- proxy-addr@1.1.4
97 silly currentTree +-- punycode@1.4.1
97 silly currentTree +-- qs@6.4.0
97 silly currentTree +-- range-parser@1.2.0
97 silly currentTree +-- raw-body@2.2.0
97 silly currentTree +-- readable-stream@2.2.7
97 silly currentTree +-- regexp-clone@0.0.1
97 silly currentTree +-- repeat-string@1.6.1
97 silly currentTree +-- request@2.81.0
97 silly currentTree +-- require_optional@1.0.0
97 silly currentTree +-- resolve-from@2.0.0
97 silly currentTree +-- right-align@0.1.3
97 silly currentTree +-- rimraf@2.6.1
97 silly currentTree +-- safe-buffer@5.0.1
97 silly currentTree +-- semver@5.3.0
97 silly currentTree +-- send@0.15.1
97 silly currentTree +-- serve-static@1.12.1
97 silly currentTree +-- set-blocking@2.0.0
97 silly currentTree +-- setprototypeof@1.0.3
97 silly currentTree +-- signal-exit@3.0.2
97 silly currentTree +-- sliced@1.0.1
97 silly currentTree +-- sntp@1.0.9
97 silly currentTree +-- source-map@0.4.4
97 silly currentTree +-- sprintf-js@1.0.3
97 silly currentTree +-- sshpk@1.13.0
97 silly currentTree | `-- assert-plus@1.0.0
97 silly currentTree +-- statuses@1.3.1
97 silly currentTree +-- string_decoder@1.0.0
97 silly currentTree +-- string-width@1.0.2
97 silly currentTree +-- stringstream@0.0.5
97 silly currentTree +-- strip-ansi@3.0.1
97 silly currentTree +-- tar@2.2.1
97 silly currentTree +-- tough-cookie@2.3.2
97 silly currentTree +-- transformers@2.1.0
97 silly currentTree | +-- is-promise@1.0.1
97 silly currentTree | +-- promise@2.0.0
97 silly currentTree | +-- source-map@0.1.43
97 silly currentTree | `-- uglify-js@2.2.5
97 silly currentTree +-- tunnel-agent@0.6.0
97 silly currentTree +-- tweetnacl@0.14.5
97 silly currentTree +-- type-is@1.6.15
97 silly currentTree +-- uc.micro@1.0.3
97 silly currentTree +-- uglify-js@2.8.22
97 silly currentTree | `-- source-map@0.5.6
97 silly currentTree +-- uglify-to-browserify@1.0.2
97 silly currentTree +-- underscore@1.8.3
97 silly currentTree +-- unpipe@1.0.0
97 silly currentTree +-- util-deprecate@1.0.2
97 silly currentTree +-- utils-merge@1.0.0
97 silly currentTree +-- uuid@3.0.1
97 silly currentTree +-- vary@1.1.1
97 silly currentTree +-- verror@1.3.6
97 silly currentTree +-- void-elements@2.0.1
97 silly currentTree +-- which@1.2.14
97 silly currentTree +-- wide-align@1.1.2
97 silly currentTree +-- window-size@0.1.0
97 silly currentTree +-- with@4.0.3
97 silly currentTree | `-- acorn@1.2.2
97 silly currentTree +-- wordwrap@0.0.3
97 silly currentTree +-- wrappy@1.0.2
97 silly currentTree `-- yargs@3.10.0
98 silly idealTree myblog@1.0.0
98 silly idealTree +-- abbrev@1.1.0
98 silly idealTree +-- accepts@1.3.3
98 silly idealTree +-- acorn-globals@1.0.9
98 silly idealTree +-- acorn@2.7.0
98 silly idealTree +-- ajv@4.11.8
98 silly idealTree +-- align-text@0.1.4
98 silly idealTree +-- amdefine@1.0.1
98 silly idealTree +-- ansi-regex@2.1.1
98 silly idealTree +-- aproba@1.1.1
98 silly idealTree +-- are-we-there-yet@1.1.4
98 silly idealTree +-- argparse@1.0.9
98 silly idealTree +-- array-flatten@1.1.1
98 silly idealTree +-- asap@1.0.0
98 silly idealTree +-- asn1@0.2.3
98 silly idealTree +-- assert-plus@0.2.0
98 silly idealTree +-- async@0.2.10
98 silly idealTree +-- asynckit@0.4.0
98 silly idealTree +-- aws-sign2@0.6.0
98 silly idealTree +-- aws4@1.6.0
98 silly idealTree +-- balanced-match@0.4.2
98 silly idealTree +-- bcrypt-pbkdf@1.0.1
98 silly idealTree +-- bcrypt@0.7.8
98 silly idealTree +-- bindings@1.0.0
98 silly idealTree +-- block-stream@0.0.9
98 silly idealTree +-- bluebird@2.10.2
98 silly idealTree +-- body-parser@1.17.1
98 silly idealTree +-- boom@2.10.1
98 silly idealTree +-- bower@1.8.0
98 silly idealTree +-- brace-expansion@1.1.7
98 silly idealTree +-- bson@1.0.4
98 silly idealTree +-- buffer-shims@1.0.0
98 silly idealTree +-- bytes@2.4.0
98 silly idealTree +-- camelcase@1.2.1
98 silly idealTree +-- caseless@0.12.0
98 silly idealTree +-- center-align@0.1.3
98 silly idealTree +-- character-parser@1.2.1
98 silly idealTree +-- clean-css@3.4.25
98 silly idealTree | `-- commander@2.8.1
98 silly idealTree +-- cliui@2.1.0
98 silly idealTree | `-- wordwrap@0.0.2
98 silly idealTree +-- co@4.6.0
98 silly idealTree +-- code-point-at@1.1.0
98 silly idealTree +-- combined-stream@1.0.5
98 silly idealTree +-- commander@2.6.0
98 silly idealTree +-- concat-map@0.0.1
98 silly idealTree +-- connect-mongo@0.3.3
98 silly idealTree | +-- bson@0.1.8
98 silly idealTree | `-- mongodb@1.2.14
98 silly idealTree +-- console-control-strings@1.1.0
98 silly idealTree +-- constantinople@3.0.2
98 silly idealTree +-- content-disposition@0.5.2
98 silly idealTree +-- content-type@1.0.2
98 silly idealTree +-- cookie-signature@1.0.6
98 silly idealTree +-- cookie@0.3.1
98 silly idealTree +-- core-util-is@1.0.2
98 silly idealTree +-- cryptiles@2.0.5
98 silly idealTree +-- crypto@0.0.3
98 silly idealTree +-- css-parse@1.0.4
98 silly idealTree +-- css-stringify@1.0.5
98 silly idealTree +-- css@1.0.8
98 silly idealTree +-- dashdash@1.14.1
98 silly idealTree | `-- assert-plus@1.0.0
98 silly idealTree +-- debug@2.6.1
98 silly idealTree +-- decamelize@1.2.0
98 silly idealTree +-- delayed-stream@1.0.0
98 silly idealTree +-- delegates@1.0.0
98 silly idealTree +-- depd@1.1.0
98 silly idealTree +-- destroy@1.0.4
98 silly idealTree +-- ecc-jsbn@0.1.1
98 silly idealTree +-- ee-first@1.1.1
98 silly idealTree +-- encodeurl@1.0.1
98 silly idealTree +-- entities@1.1.1
98 silly idealTree +-- es6-promise@3.2.1
98 silly idealTree +-- escape-html@1.0.3
98 silly idealTree +-- etag@1.8.0
98 silly idealTree +-- express@4.15.2
98 silly idealTree | +-- buffer-crc32@0.2.1
98 silly idealTree | +-- commander@1.3.2
98 silly idealTree | +-- cookie-signature@1.0.6
98 silly idealTree | +-- cookie@0.3.1
98 silly idealTree | +-- debug@2.6.1
98 silly idealTree | +-- fresh@0.5.0
98 silly idealTree | +-- methods@1.1.2
98 silly idealTree | +-- mkdirp@0.3.5
98 silly idealTree | +-- range-parser@1.2.0
98 silly idealTree | `-- send@0.15.1
98 silly idealTree +-- extend@3.0.1
98 silly idealTree +-- extsprintf@1.0.2
98 silly idealTree +-- finalhandler@1.0.2
98 silly idealTree | +-- debug@2.6.4
98 silly idealTree | `-- ms@0.7.3
98 silly idealTree +-- forever-agent@0.6.1
98 silly idealTree +-- form-data@2.1.4
98 silly idealTree +-- forwarded@0.1.0
98 silly idealTree +-- fresh@0.5.0
98 silly idealTree +-- fs.realpath@1.0.0
98 silly idealTree +-- fstream@1.0.11
98 silly idealTree +-- gauge@2.7.4
98 silly idealTree +-- getpass@0.1.7
98 silly idealTree | `-- assert-plus@1.0.0
98 silly idealTree +-- glob@7.1.1
98 silly idealTree +-- graceful-fs@4.1.11
98 silly idealTree +-- graceful-readlink@1.0.1
98 silly idealTree +-- har-schema@1.0.5
98 silly idealTree +-- har-validator@4.2.1
98 silly idealTree +-- has-unicode@2.0.1
98 silly idealTree +-- hawk@3.1.3
98 silly idealTree +-- hoek@2.16.3
98 silly idealTree +-- hooks-fixed@2.0.0
98 silly idealTree +-- http-errors@1.6.1
98 silly idealTree +-- http-signature@1.1.1
98 silly idealTree +-- iconv-lite@0.4.15
98 silly idealTree +-- inflight@1.0.6
98 silly idealTree +-- inherits@2.0.3
98 silly idealTree +-- ipaddr.js@1.3.0
98 silly idealTree +-- is-buffer@1.1.5
98 silly idealTree +-- is-fullwidth-code-point@1.0.0
98 silly idealTree +-- is-promise@2.1.0
98 silly idealTree +-- is-typedarray@1.0.0
98 silly idealTree +-- isarray@1.0.0
98 silly idealTree +-- isexe@2.0.0
98 silly idealTree +-- isstream@0.1.2
98 silly idealTree +-- jade@1.11.0
98 silly idealTree +-- jodid25519@1.0.2
98 silly idealTree +-- jsbn@0.1.1
98 silly idealTree +-- json-schema@0.2.3
98 silly idealTree +-- json-stable-stringify@1.0.1
98 silly idealTree +-- json-stringify-safe@5.0.1
98 silly idealTree +-- jsonify@0.0.0
98 silly idealTree +-- jsprim@1.4.0
98 silly idealTree | `-- assert-plus@1.0.0
98 silly idealTree +-- jstransformer-markdown-it@2.0.0
98 silly idealTree +-- jstransformer-markdown@1.1.1
98 silly idealTree +-- jstransformer@0.0.2
98 silly idealTree +-- kareem@1.4.1
98 silly idealTree +-- kind-of@3.2.0
98 silly idealTree +-- lazy-cache@1.0.4
98 silly idealTree +-- linkify-it@2.0.3
98 silly idealTree +-- lodash@4.17.4
98 silly idealTree +-- longest@1.0.1
98 silly idealTree +-- markdown-it@8.3.1
98 silly idealTree +-- markdown@0.5.0
98 silly idealTree +-- mdurl@1.0.1
98 silly idealTree +-- media-typer@0.3.0
98 silly idealTree +-- merge-descriptors@1.0.1
98 silly idealTree +-- methods@1.1.2
98 silly idealTree +-- mime-db@1.27.0
98 silly idealTree +-- mime-types@2.1.15
98 silly idealTree +-- mime@1.3.4
98 silly idealTree +-- minimatch@3.0.4
98 silly idealTree +-- minimist@0.0.8
98 silly idealTree +-- mkdirp@0.5.1
98 silly idealTree +-- moment@2.18.1
98 silly idealTree +-- mongod@2.0.0
98 silly idealTree +-- mongodb-core@2.1.10
98 silly idealTree +-- mongodb@2.2.26
98 silly idealTree +-- mongoose@4.9.7
98 silly idealTree | `-- async@2.1.4
98 silly idealTree +-- mpath@0.2.1
98 silly idealTree +-- mpromise@0.5.5
98 silly idealTree +-- mquery@2.3.0
98 silly idealTree | +-- debug@2.2.0
98 silly idealTree | +-- ms@0.7.1
98 silly idealTree | `-- sliced@0.0.5
98 silly idealTree +-- ms@0.7.2
98 silly idealTree +-- muri@1.2.1
98 silly idealTree +-- negotiator@0.6.1
98 silly idealTree +-- node-gyp@3.6.1
98 silly idealTree +-- nopt@2.1.2
98 silly idealTree +-- npmlog@4.1.0
98 silly idealTree +-- number-is-nan@1.0.1
98 silly idealTree +-- oauth-sign@0.8.2
98 silly idealTree +-- object-assign@4.1.1
98 silly idealTree +-- on-finished@2.3.0
98 silly idealTree +-- once@1.4.0
98 silly idealTree +-- optimist@0.3.7
98 silly idealTree +-- os-homedir@1.0.2
98 silly idealTree +-- os-tmpdir@1.0.2
98 silly idealTree +-- osenv@0.1.4
98 silly idealTree +-- parseurl@1.3.1
98 silly idealTree +-- path-is-absolute@1.0.1
98 silly idealTree +-- path-to-regexp@0.1.7
98 silly idealTree +-- performance-now@0.2.0
98 silly idealTree +-- process-nextick-args@1.0.7
98 silly idealTree +-- promise-queue@2.2.3
98 silly idealTree +-- promise@6.1.0
98 silly idealTree +-- proxy-addr@1.1.4
98 silly idealTree +-- punycode@1.4.1
98 silly idealTree +-- qs@6.4.0
98 silly idealTree +-- range-parser@1.2.0
98 silly idealTree +-- raw-body@2.2.0
98 silly idealTree +-- readable-stream@2.2.7
98 silly idealTree +-- regexp-clone@0.0.1
98 silly idealTree +-- repeat-string@1.6.1
98 silly idealTree +-- request@2.81.0
98 silly idealTree +-- require_optional@1.0.0
98 silly idealTree +-- resolve-from@2.0.0
98 silly idealTree +-- right-align@0.1.3
98 silly idealTree +-- rimraf@2.6.1
98 silly idealTree +-- safe-buffer@5.0.1
98 silly idealTree +-- semver@5.3.0
98 silly idealTree +-- send@0.15.1
98 silly idealTree +-- serve-static@1.12.1
98 silly idealTree +-- set-blocking@2.0.0
98 silly idealTree +-- setprototypeof@1.0.3
98 silly idealTree +-- signal-exit@3.0.2
98 silly idealTree +-- sliced@1.0.1
98 silly idealTree +-- sntp@1.0.9
98 silly idealTree +-- source-map@0.4.4
98 silly idealTree +-- sprintf-js@1.0.3
98 silly idealTree +-- sshpk@1.13.0
98 silly idealTree | `-- assert-plus@1.0.0
98 silly idealTree +-- statuses@1.3.1
98 silly idealTree +-- string_decoder@1.0.0
98 silly idealTree +-- string-width@1.0.2
98 silly idealTree +-- stringstream@0.0.5
98 silly idealTree +-- strip-ansi@3.0.1
98 silly idealTree +-- tar@2.2.1
98 silly idealTree +-- tough-cookie@2.3.2
98 silly idealTree +-- transformers@2.1.0
98 silly idealTree | +-- is-promise@1.0.1
98 silly idealTree | +-- promise@2.0.0
98 silly idealTree | +-- source-map@0.1.43
98 silly idealTree | `-- uglify-js@2.2.5
98 silly idealTree +-- tunnel-agent@0.6.0
98 silly idealTree +-- tweetnacl@0.14.5
98 silly idealTree +-- type-is@1.6.15
98 silly idealTree +-- uc.micro@1.0.3
98 silly idealTree +-- uglify-js@2.8.22
98 silly idealTree | `-- source-map@0.5.6
98 silly idealTree +-- uglify-to-browserify@1.0.2
98 silly idealTree +-- underscore@1.8.3
98 silly idealTree +-- unpipe@1.0.0
98 silly idealTree +-- util-deprecate@1.0.2
98 silly idealTree +-- utils-merge@1.0.0
98 silly idealTree +-- uuid@3.0.1
98 silly idealTree +-- vary@1.1.1
98 silly idealTree +-- verror@1.3.6
98 silly idealTree +-- void-elements@2.0.1
98 silly idealTree +-- which@1.2.14
98 silly idealTree +-- wide-align@1.1.2
98 silly idealTree +-- window-size@0.1.0
98 silly idealTree +-- with@4.0.3
98 silly idealTree | `-- acorn@1.2.2
98 silly idealTree +-- wordwrap@0.0.3
98 silly idealTree +-- wrappy@1.0.2
98 silly idealTree `-- yargs@3.10.0
99 silly generateActionsToTake Starting
100 silly install generateActionsToTake
101 silly generateActionsToTake Finishing
102 silly diffTrees action count 2
103 silly diffTrees add bindings@1.0.0
104 silly diffTrees add bcrypt@0.7.8
105 silly decomposeActions action count 16
106 silly decomposeActions fetch bindings@1.0.0
107 silly decomposeActions extract bindings@1.0.0
108 silly decomposeActions test bindings@1.0.0
109 silly decomposeActions preinstall bindings@1.0.0
110 silly decomposeActions build bindings@1.0.0
111 silly decomposeActions install bindings@1.0.0
112 silly decomposeActions postinstall bindings@1.0.0
113 silly decomposeActions finalize bindings@1.0.0
114 silly decomposeActions fetch bcrypt@0.7.8
115 silly decomposeActions extract bcrypt@0.7.8
116 silly decomposeActions test bcrypt@0.7.8
117 silly decomposeActions preinstall bcrypt@0.7.8
118 silly decomposeActions build bcrypt@0.7.8
119 silly decomposeActions install bcrypt@0.7.8
120 silly decomposeActions postinstall bcrypt@0.7.8
121 silly decomposeActions finalize bcrypt@0.7.8
122 silly runTopLevelLifecycles Starting
123 silly install runPreinstallTopLevelLifecycles
124 silly preinstall myblog@1.0.0 C:\Users\YuGu\fe_learning\myblog-8577b02c
125 info lifecycle myblog@1.0.0~preinstall: myblog@1.0.0
126 silly lifecycle myblog@1.0.0~preinstall: no script for preinstall, continuing
127 silly executeActions Starting
128 silly install executeActions
129 silly doSerial global-install 0
130 silly doParallel fetch 2
131 verbose correctMkdir C:\Users\YuGu\AppData\Roaming\npm-cache\_locks correctMkdir not in flight; initializing
132 verbose lock using C:\Users\YuGu\AppData\Roaming\npm-cache\_locks\staging-ca5ff5058515bcc3.lock for C:\Users\YuGu\fe_learning\node_modules\.staging
133 silly doParallel extract 2
134 silly extract bindings@1.0.0
135 silly extract bcrypt@0.7.8
136 verbose unbuild node_modules\.staging\bindings-79c62b92
137 verbose unbuild node_modules\.staging\bcrypt-fe80800a
138 silly gentlyRm C:\Users\YuGu\fe_learning\node_modules\.staging\bindings-79c62b92 is being purged from base C:\Users\YuGu\fe_learning
139 verbose gentlyRm don't care about contents; nuking C:\Users\YuGu\fe_learning\node_modules\.staging\bindings-79c62b92
140 verbose tar unpack C:\Users\YuGu\AppData\Roaming\npm-cache\bindings\1.0.0\package.tgz
141 verbose tar unpacking to C:\Users\YuGu\fe_learning\node_modules\.staging\bindings-79c62b92
142 silly gentlyRm C:\Users\YuGu\fe_learning\node_modules\.staging\bindings-79c62b92 is being purged
143 verbose gentlyRm don't care about contents; nuking C:\Users\YuGu\fe_learning\node_modules\.staging\bindings-79c62b92
144 silly gentlyRm C:\Users\YuGu\fe_learning\node_modules\.staging\bcrypt-fe80800a is being purged from base C:\Users\YuGu\fe_learning
145 verbose gentlyRm don't care about contents; nuking C:\Users\YuGu\fe_learning\node_modules\.staging\bcrypt-fe80800a
146 silly gunzTarPerm modes [ '777', '666' ]
147 verbose tar unpack C:\Users\YuGu\AppData\Roaming\npm-cache\bcrypt\0.7.8\package.tgz
148 verbose tar unpacking to C:\Users\YuGu\fe_learning\node_modules\.staging\bcrypt-fe80800a
149 silly gentlyRm C:\Users\YuGu\fe_learning\node_modules\.staging\bcrypt-fe80800a is being purged
150 verbose gentlyRm don't care about contents; nuking C:\Users\YuGu\fe_learning\node_modules\.staging\bcrypt-fe80800a
151 silly gunzTarPerm modes [ '777', '666' ]
152 silly gunzTarPerm extractEntry package.json
153 silly gunzTarPerm modified mode [ 'package.json', 420, 438 ]
154 silly gunzTarPerm extractEntry package.json
155 silly gunzTarPerm modified mode [ 'package.json', 420, 438 ]
156 silly gunzTarPerm extractEntry README.md
157 silly gunzTarPerm modified mode [ 'README.md', 420, 438 ]
158 silly gunzTarPerm extractEntry bindings.js
159 silly gunzTarPerm modified mode [ 'bindings.js', 420, 438 ]
160 silly gunzTarPerm extractEntry .npmignore
161 silly gunzTarPerm modified mode [ '.npmignore', 420, 438 ]
162 silly gunzTarPerm extractEntry README.md
163 silly gunzTarPerm modified mode [ 'README.md', 420, 438 ]
164 silly gunzTarPerm extractEntry LICENSE
165 silly gunzTarPerm modified mode [ 'LICENSE', 420, 438 ]
166 silly gunzTarPerm extractEntry bcrypt.js
167 silly gunzTarPerm modified mode [ 'bcrypt.js', 420, 438 ]
168 silly gunzTarPerm extractEntry Makefile
169 silly gunzTarPerm modified mode [ 'Makefile', 420, 438 ]
170 silly gunzTarPerm extractEntry .travis.yml
171 silly gunzTarPerm modified mode [ '.travis.yml', 420, 438 ]
172 silly gunzTarPerm extractEntry binding.gyp
173 silly gunzTarPerm modified mode [ 'binding.gyp', 420, 438 ]
174 silly gentlyRm C:\Users\YuGu\fe_learning\node_modules\.staging\bindings-79c62b92\node_modules is being purged
175 verbose gentlyRm don't care about contents; nuking C:\Users\YuGu\fe_learning\node_modules\.staging\bindings-79c62b92\node_modules
176 silly gunzTarPerm extractEntry examples/async_compare.js
177 silly gunzTarPerm modified mode [ 'examples/async_compare.js', 420, 438 ]
178 silly gunzTarPerm extractEntry examples/forever_gen_salt.js
179 silly gunzTarPerm modified mode [ 'examples/forever_gen_salt.js', 420, 438 ]
180 silly gunzTarPerm extractEntry CHANGELOG
181 silly gunzTarPerm modified mode [ 'CHANGELOG', 420, 438 ]
182 silly gunzTarPerm extractEntry src/bcrypt.cc
183 silly gunzTarPerm modified mode [ 'src/bcrypt.cc', 420, 438 ]
184 silly gunzTarPerm extractEntry src/bcrypt_node.cc
185 silly gunzTarPerm modified mode [ 'src/bcrypt_node.cc', 420, 438 ]
186 silly gunzTarPerm extractEntry src/blowfish.cc
187 silly gunzTarPerm modified mode [ 'src/blowfish.cc', 420, 438 ]
188 silly gunzTarPerm extractEntry src/node_blf.h
189 silly gunzTarPerm modified mode [ 'src/node_blf.h', 420, 438 ]
190 silly gunzTarPerm extractEntry test/async.js
191 silly gunzTarPerm modified mode [ 'test/async.js', 420, 438 ]
192 silly gunzTarPerm extractEntry test/repetitions.js
193 silly gunzTarPerm modified mode [ 'test/repetitions.js', 420, 438 ]
194 silly gunzTarPerm extractEntry test/sync.js
195 silly gunzTarPerm modified mode [ 'test/sync.js', 420, 438 ]
196 silly gentlyRm C:\Users\YuGu\fe_learning\node_modules\.staging\bcrypt-fe80800a\node_modules is being purged
197 verbose gentlyRm don't care about contents; nuking C:\Users\YuGu\fe_learning\node_modules\.staging\bcrypt-fe80800a\node_modules
198 silly doParallel preinstall 2
199 silly preinstall bindings@1.0.0 C:\Users\YuGu\fe_learning\node_modules\.staging\bindings-79c62b92
200 info lifecycle bindings@1.0.0~preinstall: bindings@1.0.0
201 silly preinstall bcrypt@0.7.8 C:\Users\YuGu\fe_learning\node_modules\.staging\bcrypt-fe80800a
202 info lifecycle bcrypt@0.7.8~preinstall: bcrypt@0.7.8
203 silly lifecycle bindings@1.0.0~preinstall: no script for preinstall, continuing
204 silly lifecycle bcrypt@0.7.8~preinstall: no script for preinstall, continuing
205 silly doReverseSerial remove 0
206 silly doSerial move 0
207 silly doSerial finalize 2
208 silly finalize C:\Users\YuGu\fe_learning\node_modules\bindings
209 silly finalize C:\Users\YuGu\fe_learning\node_modules\bcrypt
210 silly doSerial build 2
211 silly build bindings@1.0.0
212 info linkStuff bindings@1.0.0
213 silly linkStuff bindings@1.0.0 has C:\Users\YuGu\fe_learning\node_modules as its parent node_modules
214 verbose linkBins bindings@1.0.0
215 verbose linkMans bindings@1.0.0
216 silly build bcrypt@0.7.8
217 info linkStuff bcrypt@0.7.8
218 silly linkStuff bcrypt@0.7.8 has C:\Users\YuGu\fe_learning\node_modules as its parent node_modules
219 verbose linkBins bcrypt@0.7.8
220 verbose linkMans bcrypt@0.7.8
221 silly doSerial global-link 0
222 silly doParallel update-linked 0
223 silly doSerial install 2
224 silly install bindings@1.0.0 C:\Users\YuGu\fe_learning\node_modules\.staging\bindings-79c62b92
225 info lifecycle bindings@1.0.0~install: bindings@1.0.0
226 silly lifecycle bindings@1.0.0~install: no script for install, continuing
227 silly install bcrypt@0.7.8 C:\Users\YuGu\fe_learning\node_modules\.staging\bcrypt-fe80800a
228 info lifecycle bcrypt@0.7.8~install: bcrypt@0.7.8
229 verbose lifecycle bcrypt@0.7.8~install: unsafe-perm in lifecycle true
230 verbose lifecycle bcrypt@0.7.8~install: PATH: C:\Users\YuGu\nodejs\node_modules\npm\bin\node-gyp-bin;C:\Users\YuGu\fe_learning\node_modules\bcrypt\node_modules\.bin;C:\Users\YuGu\fe_learning\node_modules\.bin;C:\Users\YuGu\bin;C:\Users\YuGu\Documents\PortableGit\mingw64\bin;C:\Users\YuGu\Documents\PortableGit\usr\local\bin;C:\Users\YuGu\Documents\PortableGit\usr\bin;C:\Users\YuGu\Documents\PortableGit\usr\bin;C:\Users\YuGu\Documents\PortableGit\mingw64\bin;C:\Users\YuGu\Documents\PortableGit\usr\bin;C:\Users\YuGu\bin;C:\python2.7;C:\python2.7\Scripts;C:\ProgramData\Oracle\Java\javapath;C:\Program Files (x86)\RSA SecurID Token Common;C:\WINDOWS\system32;C:\WINDOWS;C:\WINDOWS\System32\Wbem;C:\WINDOWS\System32\WindowsPowerShell\v1.0;C:\WINDOWS\System32\WindowsPowerShell\v1.0;C:\Program Files (x86)\Microsoft Application Virtualization Client;C:\apache-maven-3.3.9\bin;C:\Program Files\Java\jdk1.8.0_101\bin;C:\Program Files\Java\jdk1.8.0_101\jre\bin;C:\WINDOWS\System32\WindowsPowerShell\v1.0;C:\Program Files\1E\NomadBranch;C:\Program Files (x86)\Skype\Phone;C:\Users\YuGu\nodejs;C:\Program Files\OpenVPN\bin;C:\Program Files\PuTTY;C:\Users\YuGu\AppData\Roaming\npm;C:\Users\YuGu\Documents\PortableGit\usr\bin\vendor_perl;C:\Users\YuGu\Documents\PortableGit\usr\bin\core_perl
231 verbose lifecycle bcrypt@0.7.8~install: CWD: C:\Users\YuGu\fe_learning\node_modules\bcrypt
232 silly lifecycle bcrypt@0.7.8~install: Args: [ '/d /s /c', 'node-gyp rebuild' ]
233 silly lifecycle bcrypt@0.7.8~install: Returned: code: 1  signal: null
234 info lifecycle bcrypt@0.7.8~install: Failed to exec install script
235 verbose unlock done using C:\Users\YuGu\AppData\Roaming\npm-cache\_locks\staging-ca5ff5058515bcc3.lock for C:\Users\YuGu\fe_learning\node_modules\.staging
236 silly rollbackFailedOptional Starting
237 silly rollbackFailedOptional Finishing
238 silly runTopLevelLifecycles Finishing
239 silly install printInstalled
240 verbose stack Error: bcrypt@0.7.8 install: `node-gyp rebuild`
240 verbose stack Exit status 1
240 verbose stack     at EventEmitter.<anonymous> (C:\Users\YuGu\nodejs\node_modules\npm\lib\utils\lifecycle.js:255:16)
240 verbose stack     at emitTwo (events.js:106:13)
240 verbose stack     at EventEmitter.emit (events.js:191:7)
240 verbose stack     at ChildProcess.<anonymous> (C:\Users\YuGu\nodejs\node_modules\npm\lib\utils\spawn.js:40:14)
240 verbose stack     at emitTwo (events.js:106:13)
240 verbose stack     at ChildProcess.emit (events.js:191:7)
240 verbose stack     at maybeClose (internal/child_process.js:877:16)
240 verbose stack     at Process.ChildProcess._handle.onexit (internal/child_process.js:226:5)
241 verbose pkgid bcrypt@0.7.8
242 verbose cwd C:\Users\YuGu\fe_learning
243 error Windows_NT 6.1.7601
244 error argv "C:\\Users\\YuGu\\nodejs\\node.exe" "C:\\Users\\YuGu\\nodejs\\node_modules\\npm\\bin\\npm-cli.js" "install"
245 error node v6.10.0
246 error npm  v3.10.10
247 error code ELIFECYCLE
248 error bcrypt@0.7.8 install: `node-gyp rebuild`
248 error Exit status 1
249 error Failed at the bcrypt@0.7.8 install script 'node-gyp rebuild'.
249 error Make sure you have the latest version of node.js and npm installed.
249 error If you do, this is most likely a problem with the bcrypt package,
249 error not with npm itself.
249 error Tell the author that this fails on your system:
249 error     node-gyp rebuild
249 error You can get information on how to open an issue for this project with:
249 error     npm bugs bcrypt
249 error Or if that isn't available, you can get their info via:
249 error     npm owner ls bcrypt
249 error There is likely additional logging output above.
250 verbose exit [ 1, true ]
